# JRE version: Java(TM) SE Runtime Environment (8.0_25-b18) (build 1.8.0_25-b18)
# Java VM: Java HotSpot(TM) 64-Bit Server VM (25.25-b02 mixed mode windows-amd64 compressed oops)
Heap:
 PSYoungGen      total 144896K, used 49628K [0x00000000eab00000, 0x00000000f6c80000, 0x0000000100000000)
  eden space 122368K, 40% used [0x00000000eab00000,0x00000000edb77230,0x00000000f2280000)
  from space 22528K, 0% used [0x00000000f2280000,0x00000000f2280000,0x00000000f3880000)
  to   space 25600K, 0% used [0x00000000f5380000,0x00000000f5380000,0x00000000f6c80000)
 ParOldGen       total 173568K, used 43484K [0x00000000c0000000, 0x00000000ca980000, 0x00000000eab00000)
  object space 173568K, 25% used [0x00000000c0000000,0x00000000c2a77050,0x00000000ca980000)
 Metaspace       used 53196K, capacity 54462K, committed 54656K, reserved 1095680K
  class space    used 7238K, capacity 7511K, committed 7552K, reserved 1048576K
GC Heap History (10 events):
Event: 4.114 GC heap before
{Heap before GC invocations=10 (full 2):
 PSYoungGen      total 102912K, used 90624K [0x00000000eab00000, 0x00000000f2f00000, 0x0000000100000000)
  eden space 90624K, 100% used [0x00000000eab00000,0x00000000f0380000,0x00000000f0380000)
  from space 12288K, 0% used [0x00000000f0380000,0x00000000f0380000,0x00000000f0f80000)
  to   space 12288K, 0% used [0x00000000f2300000,0x00000000f2300000,0x00000000f2f00000)
 ParOldGen       total 173568K, used 19169K [0x00000000c0000000, 0x00000000ca980000, 0x00000000eab00000)
  object space 173568K, 11% used [0x00000000c0000000,0x00000000c12b85e0,0x00000000ca980000)
 Metaspace       used 40741K, capacity 41580K, committed 41728K, reserved 1085440K
  class space    used 5458K, capacity 5608K, committed 5632K, reserved 1048576K
Event: 4.131 GC heap after
Heap after GC invocations=10 (full 2):
 PSYoungGen      total 122368K, used 10074K [0x00000000eab00000, 0x00000000f3580000, 0x0000000100000000)
  eden space 110080K, 0% used [0x00000000eab00000,0x00000000eab00000,0x00000000f1680000)
  from space 12288K, 81% used [0x00000000f2300000,0x00000000f2cd6b98,0x00000000f2f00000)
  to   space 12800K, 0% used [0x00000000f1680000,0x00000000f1680000,0x00000000f2300000)
 ParOldGen       total 173568K, used 19177K [0x00000000c0000000, 0x00000000ca980000, 0x00000000eab00000)
  object space 173568K, 11% used [0x00000000c0000000,0x00000000c12ba5e0,0x00000000ca980000)
 Metaspace       used 40741K, capacity 41580K, committed 41728K, reserved 1085440K
  class space    used 5458K, capacity 5608K, committed 5632K, reserved 1048576K
}
Event: 4.976 GC heap before
{Heap before GC invocations=11 (full 2):
 PSYoungGen      total 122368K, used 120154K [0x00000000eab00000, 0x00000000f3580000, 0x0000000100000000)
  eden space 110080K, 100% used [0x00000000eab00000,0x00000000f1680000,0x00000000f1680000)
  from space 12288K, 81% used [0x00000000f2300000,0x00000000f2cd6b98,0x00000000f2f00000)
  to   space 12800K, 0% used [0x00000000f1680000,0x00000000f1680000,0x00000000f2300000)
 ParOldGen       total 173568K, used 19177K [0x00000000c0000000, 0x00000000ca980000, 0x00000000eab00000)
  object space 173568K, 11% used [0x00000000c0000000,0x00000000c12ba5e0,0x00000000ca980000)
 Metaspace       used 43837K, capacity 44698K, committed 44800K, reserved 1087488K
  class space    used 5953K, capacity 6144K, committed 6144K, reserved 1048576K
Event: 4.990 GC heap after
Heap after GC invocations=11 (full 2):
 PSYoungGen      total 122880K, used 12784K [0x00000000eab00000, 0x00000000f4880000, 0x0000000100000000)
  eden space 110080K, 0% used [0x00000000eab00000,0x00000000eab00000,0x00000000f1680000)
  from space 12800K, 99% used [0x00000000f1680000,0x00000000f22fc078,0x00000000f2300000)
  to   space 16384K, 0% used [0x00000000f3880000,0x00000000f3880000,0x00000000f4880000)
 ParOldGen       total 173568K, used 24800K [0x00000000c0000000, 0x00000000ca980000, 0x00000000eab00000)
  object space 173568K, 14% used [0x00000000c0000000,0x00000000c1838028,0x00000000ca980000)
 Metaspace       used 43837K, capacity 44698K, committed 44800K, reserved 1087488K
  class space    used 5953K, capacity 6144K, committed 6144K, reserved 1048576K
}
Event: 5.999 GC heap before
{Heap before GC invocations=12 (full 2):
 PSYoungGen      total 122880K, used 122864K [0x00000000eab00000, 0x00000000f4880000, 0x0000000100000000)
  eden space 110080K, 100% used [0x00000000eab00000,0x00000000f1680000,0x00000000f1680000)
  from space 12800K, 99% used [0x00000000f1680000,0x00000000f22fc078,0x00000000f2300000)
  to   space 16384K, 0% used [0x00000000f3880000,0x00000000f3880000,0x00000000f4880000)
 ParOldGen       total 173568K, used 24800K [0x00000000c0000000, 0x00000000ca980000, 0x00000000eab00000)
  object space 173568K, 14% used [0x00000000c0000000,0x00000000c1838028,0x00000000ca980000)
 Metaspace       used 51318K, capacity 52380K, committed 52736K, reserved 1095680K
  class space    used 6995K, capacity 7300K, committed 7424K, reserved 1048576K
Event: 6.213 GC heap after
Heap after GC invocations=12 (full 2):
 PSYoungGen      total 138752K, used 16368K [0x00000000eab00000, 0x00000000f6680000, 0x0000000100000000)
  eden space 122368K, 0% used [0x00000000eab00000,0x00000000eab00000,0x00000000f2280000)
  from space 16384K, 99% used [0x00000000f3880000,0x00000000f487c078,0x00000000f4880000)
  to   space 22528K, 0% used [0x00000000f2280000,0x00000000f2280000,0x00000000f3880000)
 ParOldGen       total 173568K, used 35813K [0x00000000c0000000, 0x00000000ca980000, 0x00000000eab00000)
  object space 173568K, 20% used [0x00000000c0000000,0x00000000c22f9498,0x00000000ca980000)
 Metaspace       used 51318K, capacity 52380K, committed 52736K, reserved 1095680K
  class space    used 6995K, capacity 7300K, committed 7424K, reserved 1048576K
}
Event: 8.349 GC heap before
{Heap before GC invocations=13 (full 2):
 PSYoungGen      total 138752K, used 72670K [0x00000000eab00000, 0x00000000f6680000, 0x0000000100000000)
  eden space 122368K, 46% used [0x00000000eab00000,0x00000000ee1fba98,0x00000000f2280000)
  from space 16384K, 99% used [0x00000000f3880000,0x00000000f487c078,0x00000000f4880000)
  to   space 22528K, 0% used [0x00000000f2280000,0x00000000f2280000,0x00000000f3880000)
 ParOldGen       total 173568K, used 35813K [0x00000000c0000000, 0x00000000ca980000, 0x00000000eab00000)
  object space 173568K, 20% used [0x00000000c0000000,0x00000000c22f9498,0x00000000ca980000)
 Metaspace       used 52861K, capacity 53978K, committed 54144K, reserved 1095680K
  class space    used 7192K, capacity 7465K, committed 7552K, reserved 1048576K
Event: 8.383 GC heap after
Heap after GC invocations=13 (full 2):
 PSYoungGen      total 144896K, used 22497K [0x00000000eab00000, 0x00000000f6c80000, 0x0000000100000000)
  eden space 122368K, 0% used [0x00000000eab00000,0x00000000eab00000,0x00000000f2280000)
  from space 22528K, 99% used [0x00000000f2280000,0x00000000f38787b8,0x00000000f3880000)
  to   space 25600K, 0% used [0x00000000f5380000,0x00000000f5380000,0x00000000f6c80000)
 ParOldGen       total 173568K, used 35829K [0x00000000c0000000, 0x00000000ca980000, 0x00000000eab00000)
  object space 173568K, 20% used [0x00000000c0000000,0x00000000c22fd498,0x00000000ca980000)
 Metaspace       used 52861K, capacity 53978K, committed 54144K, reserved 1095680K
  class space    used 7192K, capacity 7465K, committed 7552K, reserved 1048576K
}
Event: 8.383 GC heap before
{Heap before GC invocations=14 (full 3):
 PSYoungGen      total 144896K, used 22497K [0x00000000eab00000, 0x00000000f6c80000, 0x0000000100000000)
  eden space 122368K, 0% used [0x00000000eab00000,0x00000000eab00000,0x00000000f2280000)
  from space 22528K, 99% used [0x00000000f2280000,0x00000000f38787b8,0x00000000f3880000)
  to   space 25600K, 0% used [0x00000000f5380000,0x00000000f5380000,0x00000000f6c80000)
 ParOldGen       total 173568K, used 35829K [0x00000000c0000000, 0x00000000ca980000, 0x00000000eab00000)
  object space 173568K, 20% used [0x00000000c0000000,0x00000000c22fd498,0x00000000ca980000)
 Metaspace       used 52861K, capacity 53978K, committed 54144K, reserved 1095680K
  class space    used 7192K, capacity 7465K, committed 7552K, reserved 1048576K
Event: 8.626 GC heap after
Heap after GC invocations=14 (full 3):
 PSYoungGen      total 144896K, used 0K [0x00000000eab00000, 0x00000000f6c80000, 0x0000000100000000)
  eden space 122368K, 0% used [0x00000000eab00000,0x00000000eab00000,0x00000000f2280000)
  from space 22528K, 0% used [0x00000000f2280000,0x00000000f2280000,0x00000000f3880000)
  to   space 25600K, 0% used [0x00000000f5380000,0x00000000f5380000,0x00000000f6c80000)
 ParOldGen       total 173568K, used 43484K [0x00000000c0000000, 0x00000000ca980000, 0x00000000eab00000)
  object space 173568K, 25% used [0x00000000c0000000,0x00000000c2a77050,0x00000000ca980000)
 Metaspace       used 52861K, capacity 53978K, committed 54144K, reserved 1095680K
  class space    used 7192K, capacity 7465K, committed 7552K, reserved 1048576K
}

