# JRE version: Java(TM) SE Runtime Environment (8.0_25-b18) (build 1.8.0_25-b18)
# Java VM: Java HotSpot(TM) 64-Bit Server VM (25.25-b02 mixed mode windows-amd64 compressed oops)
Heap:
 PSYoungGen      total 140288K, used 112162K [0x00000000eab00000, 0x00000000f6900000, 0x0000000100000000)
  eden space 127488K, 77% used [0x00000000eab00000,0x00000000f0c10b20,0x00000000f2780000)
  from space 12800K, 99% used [0x00000000f2780000,0x00000000f33f8068,0x00000000f3400000)
  to   space 16896K, 0% used [0x00000000f5880000,0x00000000f5880000,0x00000000f6900000)
 ParOldGen       total 145920K, used 24094K [0x00000000c0000000, 0x00000000c8e80000, 0x00000000eab00000)
  object space 145920K, 16% used [0x00000000c0000000,0x00000000c1787890,0x00000000c8e80000)
 Metaspace       used 47784K, capacity 48772K, committed 49064K, reserved 1091584K
  class space    used 6520K, capacity 6754K, committed 6824K, reserved 1048576K
GC Heap History (10 events):
Event: 3.235 GC heap before
{Heap before GC invocations=7 (full 1):
 PSYoungGen      total 95744K, used 95715K [0x00000000eab00000, 0x00000000f1700000, 0x0000000100000000)
  eden space 88064K, 100% used [0x00000000eab00000,0x00000000f0100000,0x00000000f0100000)
  from space 7680K, 99% used [0x00000000f0880000,0x00000000f0ff8f20,0x00000000f1000000)
  to   space 7168K, 0% used [0x00000000f1000000,0x00000000f1000000,0x00000000f1700000)
 ParOldGen       total 92672K, used 10156K [0x00000000c0000000, 0x00000000c5a80000, 0x00000000eab00000)
  object space 92672K, 10% used [0x00000000c0000000,0x00000000c09eb168,0x00000000c5a80000)
 Metaspace       used 33266K, capacity 33770K, committed 34048K, reserved 1079296K
  class space    used 4418K, capacity 4537K, committed 4608K, reserved 1048576K
Event: 3.243 GC heap after
Heap after GC invocations=7 (full 1):
 PSYoungGen      total 98304K, used 7140K [0x00000000eab00000, 0x00000000f3380000, 0x0000000100000000)
  eden space 91136K, 0% used [0x00000000eab00000,0x00000000eab00000,0x00000000f0400000)
  from space 7168K, 99% used [0x00000000f1000000,0x00000000f16f9030,0x00000000f1700000)
  to   space 12288K, 0% used [0x00000000f0400000,0x00000000f0400000,0x00000000f1000000)
 ParOldGen       total 92672K, used 13551K [0x00000000c0000000, 0x00000000c5a80000, 0x00000000eab00000)
  object space 92672K, 14% used [0x00000000c0000000,0x00000000c0d3bc98,0x00000000c5a80000)
 Metaspace       used 33266K, capacity 33770K, committed 34048K, reserved 1079296K
  class space    used 4418K, capacity 4537K, committed 4608K, reserved 1048576K
}
Event: 3.421 GC heap before
{Heap before GC invocations=8 (full 1):
 PSYoungGen      total 98304K, used 37400K [0x00000000eab00000, 0x00000000f3380000, 0x0000000100000000)
  eden space 91136K, 33% used [0x00000000eab00000,0x00000000ec88d210,0x00000000f0400000)
  from space 7168K, 99% used [0x00000000f1000000,0x00000000f16f9030,0x00000000f1700000)
  to   space 12288K, 0% used [0x00000000f0400000,0x00000000f0400000,0x00000000f1000000)
 ParOldGen       total 92672K, used 13551K [0x00000000c0000000, 0x00000000c5a80000, 0x00000000eab00000)
  object space 92672K, 14% used [0x00000000c0000000,0x00000000c0d3bc98,0x00000000c5a80000)
 Metaspace       used 34776K, capacity 35366K, committed 35496K, reserved 1079296K
  class space    used 4610K, capacity 4740K, committed 4776K, reserved 1048576K
Event: 3.432 GC heap after
Heap after GC invocations=8 (full 1):
 PSYoungGen      total 103424K, used 9343K [0x00000000eab00000, 0x00000000f4280000, 0x0000000100000000)
  eden space 91136K, 0% used [0x00000000eab00000,0x00000000eab00000,0x00000000f0400000)
  from space 12288K, 76% used [0x00000000f0400000,0x00000000f0d1fc38,0x00000000f1000000)
  to   space 12288K, 0% used [0x00000000f3680000,0x00000000f3680000,0x00000000f4280000)
 ParOldGen       total 92672K, used 13559K [0x00000000c0000000, 0x00000000c5a80000, 0x00000000eab00000)
  object space 92672K, 14% used [0x00000000c0000000,0x00000000c0d3dc98,0x00000000c5a80000)
 Metaspace       used 34776K, capacity 35366K, committed 35496K, reserved 1079296K
  class space    used 4610K, capacity 4740K, committed 4776K, reserved 1048576K
}
Event: 3.432 GC heap before
{Heap before GC invocations=9 (full 2):
 PSYoungGen      total 103424K, used 9343K [0x00000000eab00000, 0x00000000f4280000, 0x0000000100000000)
  eden space 91136K, 0% used [0x00000000eab00000,0x00000000eab00000,0x00000000f0400000)
  from space 12288K, 76% used [0x00000000f0400000,0x00000000f0d1fc38,0x00000000f1000000)
  to   space 12288K, 0% used [0x00000000f3680000,0x00000000f3680000,0x00000000f4280000)
 ParOldGen       total 92672K, used 13559K [0x00000000c0000000, 0x00000000c5a80000, 0x00000000eab00000)
  object space 92672K, 14% used [0x00000000c0000000,0x00000000c0d3dc98,0x00000000c5a80000)
 Metaspace       used 34776K, capacity 35366K, committed 35496K, reserved 1079296K
  class space    used 4610K, capacity 4740K, committed 4776K, reserved 1048576K
Event: 3.499 GC heap after
Heap after GC invocations=9 (full 2):
 PSYoungGen      total 103424K, used 0K [0x00000000eab00000, 0x00000000f4280000, 0x0000000100000000)
  eden space 91136K, 0% used [0x00000000eab00000,0x00000000eab00000,0x00000000f0400000)
  from space 12288K, 0% used [0x00000000f0400000,0x00000000f0400000,0x00000000f1000000)
  to   space 12288K, 0% used [0x00000000f3680000,0x00000000f3680000,0x00000000f4280000)
 ParOldGen       total 145920K, used 16172K [0x00000000c0000000, 0x00000000c8e80000, 0x00000000eab00000)
  object space 145920K, 11% used [0x00000000c0000000,0x00000000c0fcb288,0x00000000c8e80000)
 Metaspace       used 34776K, capacity 35366K, committed 35496K, reserved 1079296K
  class space    used 4610K, capacity 4740K, committed 4776K, reserved 1048576K
}
Event: 4.120 GC heap before
{Heap before GC invocations=10 (full 2):
 PSYoungGen      total 103424K, used 91103K [0x00000000eab00000, 0x00000000f4280000, 0x0000000100000000)
  eden space 91136K, 99% used [0x00000000eab00000,0x00000000f03f7e88,0x00000000f0400000)
  from space 12288K, 0% used [0x00000000f0400000,0x00000000f0400000,0x00000000f1000000)
  to   space 12288K, 0% used [0x00000000f3680000,0x00000000f3680000,0x00000000f4280000)
 ParOldGen       total 145920K, used 16172K [0x00000000c0000000, 0x00000000c8e80000, 0x00000000eab00000)
  object space 145920K, 11% used [0x00000000c0000000,0x00000000c0fcb288,0x00000000c8e80000)
 Metaspace       used 40774K, capacity 41580K, committed 41768K, reserved 1085440K
  class space    used 5458K, capacity 5608K, committed 5672K, reserved 1048576K
Event: 4.127 GC heap after
Heap after GC invocations=10 (full 2):
 PSYoungGen      total 137728K, used 10187K [0x00000000eab00000, 0x00000000f4080000, 0x0000000100000000)
  eden space 127488K, 0% used [0x00000000eab00000,0x00000000eab00000,0x00000000f2780000)
  from space 10240K, 99% used [0x00000000f3680000,0x00000000f4072e30,0x00000000f4080000)
  to   space 12800K, 0% used [0x00000000f2780000,0x00000000f2780000,0x00000000f3400000)
 ParOldGen       total 145920K, used 16180K [0x00000000c0000000, 0x00000000c8e80000, 0x00000000eab00000)
  object space 145920K, 11% used [0x00000000c0000000,0x00000000c0fcd288,0x00000000c8e80000)
 Metaspace       used 40774K, capacity 41580K, committed 41768K, reserved 1085440K
  class space    used 5458K, capacity 5608K, committed 5672K, reserved 1048576K
}
Event: 5.155 GC heap before
{Heap before GC invocations=11 (full 2):
 PSYoungGen      total 137728K, used 137675K [0x00000000eab00000, 0x00000000f4080000, 0x0000000100000000)
  eden space 127488K, 100% used [0x00000000eab00000,0x00000000f2780000,0x00000000f2780000)
  from space 10240K, 99% used [0x00000000f3680000,0x00000000f4072e30,0x00000000f4080000)
  to   space 12800K, 0% used [0x00000000f2780000,0x00000000f2780000,0x00000000f3400000)
 ParOldGen       total 145920K, used 16180K [0x00000000c0000000, 0x00000000c8e80000, 0x00000000eab00000)
  object space 145920K, 11% used [0x00000000c0000000,0x00000000c0fcd288,0x00000000c8e80000)
 Metaspace       used 44707K, capacity 45570K, committed 45736K, reserved 1089536K
  class space    used 6077K, capacity 6257K, committed 6312K, reserved 1048576K
Event: 5.193 GC heap after
Heap after GC invocations=11 (full 2):
 PSYoungGen      total 140288K, used 12768K [0x00000000eab00000, 0x00000000f6900000, 0x0000000100000000)
  eden space 127488K, 0% used [0x00000000eab00000,0x00000000eab00000,0x00000000f2780000)
  from space 12800K, 99% used [0x00000000f2780000,0x00000000f33f8068,0x00000000f3400000)
  to   space 16896K, 0% used [0x00000000f5880000,0x00000000f5880000,0x00000000f6900000)
 ParOldGen       total 145920K, used 24094K [0x00000000c0000000, 0x00000000c8e80000, 0x00000000eab00000)
  object space 145920K, 16% used [0x00000000c0000000,0x00000000c1787890,0x00000000c8e80000)
 Metaspace       used 44707K, capacity 45570K, committed 45736K, reserved 1089536K
  class space    used 6077K, capacity 6257K, committed 6312K, reserved 1048576K
}

